# JRE version: OpenJDK Runtime Environment (11.0.12+7) (build 11.0.12+7-b1504.28-7817840)
# Java VM: OpenJDK 64-Bit Server VM (11.0.12+7-b1504.28-7817840, mixed mode, tiered, compressed oops, g1 gc, windows-amd64)
Heap:
 garbage-first heap   total 248832K, used 143039K [0x00000000a0000000, 0x0000000100000000)
  region size 1024K, 18 young (18432K), 8 survivors (8192K)
 Metaspace       used 97310K, capacity 100444K, committed 100608K, reserved 1136640K
  class space    used 12378K, capacity 13442K, committed 13568K, reserved 1048576K
GC Heap History (20 events):
Event: 63.269 GC heap before
{Heap before GC invocations=21 (full 0):
 garbage-first heap   total 196608K, used 159513K [0x00000000a0000000, 0x0000000100000000)
  region size 1024K, 59 young (60416K), 4 survivors (4096K)
 Metaspace       used 86544K, capacity 89369K, committed 89472K, reserved 1126400K
  class space    used 11330K, capacity 12341K, committed 12416K, reserved 1048576K
}
Event: 63.282 GC heap after
{Heap after GC invocations=22 (full 0):
 garbage-first heap   total 196608K, used 107498K [0x00000000a0000000, 0x0000000100000000)
  region size 1024K, 7 young (7168K), 7 survivors (7168K)
 Metaspace       used 86544K, capacity 89369K, committed 89472K, reserved 1126400K
  class space    used 11330K, capacity 12341K, committed 12416K, reserved 1048576K
}
Event: 64.558 GC heap before
{Heap before GC invocations=23 (full 0):
 garbage-first heap   total 196608K, used 150506K [0x00000000a0000000, 0x0000000100000000)
  region size 1024K, 51 young (52224K), 7 survivors (7168K)
 Metaspace       used 89298K, capacity 92179K, committed 92416K, reserved 1128448K
  class space    used 11657K, capacity 12677K, committed 12800K, reserved 1048576K
}
Event: 64.581 GC heap after
{Heap after GC invocations=24 (full 0):
 garbage-first heap   total 196608K, used 111984K [0x00000000a0000000, 0x0000000100000000)
  region size 1024K, 8 young (8192K), 8 survivors (8192K)
 Metaspace       used 89298K, capacity 92179K, committed 92416K, reserved 1128448K
  class space    used 11657K, capacity 12677K, committed 12800K, reserved 1048576K
}
Event: 66.276 GC heap before
{Heap before GC invocations=25 (full 0):
 garbage-first heap   total 238592K, used 236912K [0x00000000a0000000, 0x0000000100000000)
  region size 1024K, 49 young (50176K), 8 survivors (8192K)
 Metaspace       used 89604K, capacity 92508K, committed 92672K, reserved 1128448K
  class space    used 11676K, capacity 12712K, committed 12800K, reserved 1048576K
}
Event: 66.294 GC heap after
{Heap after GC invocations=26 (full 0):
 garbage-first heap   total 248832K, used 197863K [0x00000000a0000000, 0x0000000100000000)
  region size 1024K, 3 young (3072K), 3 survivors (3072K)
 Metaspace       used 89604K, capacity 92508K, committed 92672K, reserved 1128448K
  class space    used 11676K, capacity 12712K, committed 12800K, reserved 1048576K
}
Event: 67.175 GC heap before
{Heap before GC invocations=26 (full 0):
 garbage-first heap   total 248832K, used 217319K [0x00000000a0000000, 0x0000000100000000)
  region size 1024K, 22 young (22528K), 3 survivors (3072K)
 Metaspace       used 90083K, capacity 92948K, committed 93184K, reserved 1130496K
  class space    used 11722K, capacity 12748K, committed 12800K, reserved 1048576K
}
Event: 67.185 GC heap after
{Heap after GC invocations=27 (full 0):
 garbage-first heap   total 248832K, used 199696K [0x00000000a0000000, 0x0000000100000000)
  region size 1024K, 3 young (3072K), 3 survivors (3072K)
 Metaspace       used 90083K, capacity 92948K, committed 93184K, reserved 1130496K
  class space    used 11722K, capacity 12748K, committed 12800K, reserved 1048576K
}
Event: 68.255 GC heap before
{Heap before GC invocations=28 (full 0):
 garbage-first heap   total 248832K, used 173072K [0x00000000a0000000, 0x0000000100000000)
  region size 1024K, 20 young (20480K), 3 survivors (3072K)
 Metaspace       used 91888K, capacity 94836K, committed 94976K, reserved 1130496K
  class space    used 11944K, capacity 12967K, committed 13056K, reserved 1048576K
}
Event: 68.264 GC heap after
{Heap after GC invocations=29 (full 0):
 garbage-first heap   total 248832K, used 117331K [0x00000000a0000000, 0x0000000100000000)
  region size 1024K, 2 young (2048K), 2 survivors (2048K)
 Metaspace       used 91888K, capacity 94836K, committed 94976K, reserved 1130496K
  class space    used 11944K, capacity 12967K, committed 13056K, reserved 1048576K
}
Event: 69.144 GC heap before
{Heap before GC invocations=30 (full 0):
 garbage-first heap   total 248832K, used 240211K [0x00000000a0000000, 0x0000000100000000)
  region size 1024K, 16 young (16384K), 2 survivors (2048K)
 Metaspace       used 92340K, capacity 95318K, committed 95488K, reserved 1132544K
  class space    used 12002K, capacity 13040K, committed 13056K, reserved 1048576K
}
Event: 69.150 GC heap after
{Heap after GC invocations=31 (full 0):
 garbage-first heap   total 248832K, used 117543K [0x00000000a0000000, 0x0000000100000000)
  region size 1024K, 2 young (2048K), 2 survivors (2048K)
 Metaspace       used 92340K, capacity 95318K, committed 95488K, reserved 1132544K
  class space    used 12002K, capacity 13040K, committed 13056K, reserved 1048576K
}
Event: 69.554 GC heap before
{Heap before GC invocations=32 (full 0):
 garbage-first heap   total 248832K, used 197415K [0x00000000a0000000, 0x0000000100000000)
  region size 1024K, 3 young (3072K), 2 survivors (2048K)
 Metaspace       used 92343K, capacity 95318K, committed 95488K, reserved 1132544K
  class space    used 12002K, capacity 13040K, committed 13056K, reserved 1048576K
}
Event: 69.559 GC heap after
{Heap after GC invocations=33 (full 0):
 garbage-first heap   total 248832K, used 127827K [0x00000000a0000000, 0x0000000100000000)
  region size 1024K, 2 young (2048K), 2 survivors (2048K)
 Metaspace       used 92343K, capacity 95318K, committed 95488K, reserved 1132544K
  class space    used 12002K, capacity 13040K, committed 13056K, reserved 1048576K
}
Event: 783.560 GC heap before
{Heap before GC invocations=34 (full 0):
 garbage-first heap   total 248832K, used 205651K [0x00000000a0000000, 0x0000000100000000)
  region size 1024K, 48 young (49152K), 2 survivors (2048K)
 Metaspace       used 96200K, capacity 99145K, committed 99328K, reserved 1134592K
  class space    used 12292K, capacity 13296K, committed 13312K, reserved 1048576K
}
Event: 783.567 GC heap after
{Heap after GC invocations=35 (full 0):
 garbage-first heap   total 248832K, used 119491K [0x00000000a0000000, 0x0000000100000000)
  region size 1024K, 4 young (4096K), 4 survivors (4096K)
 Metaspace       used 96200K, capacity 99145K, committed 99328K, reserved 1134592K
  class space    used 12292K, capacity 13296K, committed 13312K, reserved 1048576K
}
Event: 785.119 GC heap before
{Heap before GC invocations=35 (full 0):
 garbage-first heap   total 248832K, used 174787K [0x00000000a0000000, 0x0000000100000000)
  region size 1024K, 58 young (59392K), 4 survivors (4096K)
 Metaspace       used 96521K, capacity 99469K, committed 99712K, reserved 1136640K
  class space    used 12307K, capacity 13324K, committed 13440K, reserved 1048576K
}
Event: 785.151 GC heap after
{Heap after GC invocations=36 (full 0):
 garbage-first heap   total 248832K, used 125211K [0x00000000a0000000, 0x0000000100000000)
  region size 1024K, 8 young (8192K), 8 survivors (8192K)
 Metaspace       used 96521K, capacity 99469K, committed 99712K, reserved 1136640K
  class space    used 12307K, capacity 13324K, committed 13440K, reserved 1048576K
}
Event: 786.483 GC heap before
{Heap before GC invocations=37 (full 0):
 garbage-first heap   total 248832K, used 180507K [0x00000000a0000000, 0x0000000100000000)
  region size 1024K, 63 young (64512K), 8 survivors (8192K)
 Metaspace       used 97007K, capacity 100033K, committed 100224K, reserved 1136640K
  class space    used 12343K, capacity 13388K, committed 13440K, reserved 1048576K
}
Event: 786.512 GC heap after
{Heap after GC invocations=38 (full 0):
 garbage-first heap   total 248832K, used 133823K [0x00000000a0000000, 0x0000000100000000)
  region size 1024K, 8 young (8192K), 8 survivors (8192K)
 Metaspace       used 97007K, capacity 100033K, committed 100224K, reserved 1136640K
  class space    used 12343K, capacity 13388K, committed 13440K, reserved 1048576K
}

