# JRE version: OpenJDK Runtime Environment (11.0.12+7) (build 11.0.12+7-b1504.28-7817840)
# Java VM: OpenJDK 64-Bit Server VM (11.0.12+7-b1504.28-7817840, mixed mode, tiered, compressed oops, g1 gc, windows-amd64)
Heap:
 garbage-first heap   total 196608K, used 9330K [0x0000000741e00000, 0x0000000800000000)
  region size 1024K, 2 young (2048K), 2 survivors (2048K)
 Metaspace       used 14835K, capacity 15119K, committed 15232K, reserved 1071104K
  class space    used 1716K, capacity 1827K, committed 1920K, reserved 1048576K
GC Heap History (6 events):
Event: 1.074 GC heap before
{Heap before GC invocations=0 (full 0):
 garbage-first heap   total 196608K, used 19456K [0x0000000741e00000, 0x0000000800000000)
  region size 1024K, 14 young (14336K), 0 survivors (0K)
 Metaspace       used 8464K, capacity 8650K, committed 8832K, reserved 1056768K
  class space    used 778K, capacity 857K, committed 896K, reserved 1048576K
}
Event: 1.131 GC heap after
{Heap after GC invocations=1 (full 0):
 garbage-first heap   total 196608K, used 7985K [0x0000000741e00000, 0x0000000800000000)
  region size 1024K, 2 young (2048K), 2 survivors (2048K)
 Metaspace       used 8464K, capacity 8650K, committed 8832K, reserved 1056768K
  class space    used 778K, capacity 857K, committed 896K, reserved 1048576K
}
Event: 1.517 GC heap before
{Heap before GC invocations=1 (full 0):
 garbage-first heap   total 196608K, used 15153K [0x0000000741e00000, 0x0000000800000000)
  region size 1024K, 9 young (9216K), 2 survivors (2048K)
 Metaspace       used 10703K, capacity 10888K, committed 11008K, reserved 1058816K
  class space    used 1118K, capacity 1201K, committed 1280K, reserved 1048576K
}
Event: 1.519 GC heap after
{Heap after GC invocations=2 (full 0):
 garbage-first heap   total 196608K, used 8641K [0x0000000741e00000, 0x0000000800000000)
  region size 1024K, 1 young (1024K), 1 survivors (1024K)
 Metaspace       used 10703K, capacity 10888K, committed 11008K, reserved 1058816K
  class space    used 1118K, capacity 1201K, committed 1280K, reserved 1048576K
}
Event: 7.804 GC heap before
{Heap before GC invocations=2 (full 0):
 garbage-first heap   total 196608K, used 20929K [0x0000000741e00000, 0x0000000800000000)
  region size 1024K, 14 young (14336K), 1 survivors (1024K)
 Metaspace       used 14835K, capacity 15119K, committed 15232K, reserved 1069056K
  class space    used 1716K, capacity 1827K, committed 1920K, reserved 1048576K
}
Event: 7.807 GC heap after
{Heap after GC invocations=3 (full 0):
 garbage-first heap   total 196608K, used 9330K [0x0000000741e00000, 0x0000000800000000)
  region size 1024K, 2 young (2048K), 2 survivors (2048K)
 Metaspace       used 14835K, capacity 15119K, committed 15232K, reserved 1069056K
  class space    used 1716K, capacity 1827K, committed 1920K, reserved 1048576K
}

